[2J[3J[H7:56:44 AM - Starting compilation in watch mode...

error TS2688: Cannot find type definition file for 'mime'.
  The file is in the program because:
    Entry point for implicit type library 'mime'

7:56:47 AM - Found 1 error. Watching for file changes.
[2J[3J[H7:56:48 AM - File change detected. Starting incremental compilation...

error TS2688: Cannot find type definition file for 'mime'.
  The file is in the program because:
    Entry point for implicit type library 'mime'

7:56:51 AM - Found 1 error. Watching for file changes.
[2J[3J[H7:56:52 AM - File change detected. Starting incremental compilation...

error TS2688: Cannot find type definition file for 'mime'.
  The file is in the program because:
    Entry point for implicit type library 'mime'

7:56:53 AM - Found 1 error. Watching for file changes.
[2J[3J[H7:57:58 AM - File change detected. Starting incremental compilation...

error TS2688: Cannot find type definition file for 'mime'.
  The file is in the program because:
    Entry point for implicit type library 'mime'

7:58:09 AM - Found 1 error. Watching for file changes.
[2J[3J[H7:58:09 AM - File change detected. Starting incremental compilation...

error TS2688: Cannot find type definition file for 'mime'.
  The file is in the program because:
    Entry point for implicit type library 'mime'

7:58:12 AM - Found 1 error. Watching for file changes.
[2J[3J[H7:58:13 AM - File change detected. Starting incremental compilation...

error TS2688: Cannot find type definition file for 'mime'.
  The file is in the program because:
    Entry point for implicit type library 'mime'

7:58:14 AM - Found 1 error. Watching for file changes.
[2J[3J[H7:58:22 AM - File change detected. Starting incremental compilation...

error TS2688: Cannot find type definition file for 'mime'.
  The file is in the program because:
    Entry point for implicit type library 'mime'

7:58:32 AM - Found 1 error. Watching for file changes.
[2J[3J[H7:58:32 AM - File change detected. Starting incremental compilation...

error TS2688: Cannot find type definition file for 'mime'.
  The file is in the program because:
    Entry point for implicit type library 'mime'

7:58:42 AM - Found 1 error. Watching for file changes.
[2J[3J[H7:58:42 AM - File change detected. Starting incremental compilation...

error TS2688: Cannot find type definition file for 'mime'.
  The file is in the program because:
    Entry point for implicit type library 'mime'

7:58:51 AM - Found 1 error. Watching for file changes.
[2J[3J[H7:58:54 AM - File change detected. Starting incremental compilation...

error TS2688: Cannot find type definition file for 'mime'.
  The file is in the program because:
    Entry point for implicit type library 'mime'

7:58:57 AM - Found 1 error. Watching for file changes.
[2J[3J[H7:58:57 AM - File change detected. Starting incremental compilation...

error TS2688: Cannot find type definition file for 'mime'.
  The file is in the program because:
    Entry point for implicit type library 'mime'

7:59:00 AM - Found 1 error. Watching for file changes.
[2J[3J[H7:59:01 AM - File change detected. Starting incremental compilation...

error TS2688: Cannot find type definition file for 'mime'.
  The file is in the program because:
    Entry point for implicit type library 'mime'

7:59:02 AM - Found 1 error. Watching for file changes.
[2J[3J[H8:01:17 AM - File change detected. Starting incremental compilation...

error TS2688: Cannot find type definition file for 'mime'.
  The file is in the program because:
    Entry point for implicit type library 'mime'

8:01:27 AM - Found 1 error. Watching for file changes.
[2J[3J[H8:01:41 AM - File change detected. Starting incremental compilation...

error TS2688: Cannot find type definition file for 'mime'.
  The file is in the program because:
    Entry point for implicit type library 'mime'

8:01:50 AM - Found 1 error. Watching for file changes.
[2J[3J[H8:03:13 AM - File change detected. Starting incremental compilation...

error TS2688: Cannot find type definition file for 'mime'.
  The file is in the program because:
    Entry point for implicit type library 'mime'

8:03:23 AM - Found 1 error. Watching for file changes.
[2J[3J[H8:03:28 AM - File change detected. Starting incremental compilation...

error TS2688: Cannot find type definition file for 'mime'.
  The file is in the program because:
    Entry point for implicit type library 'mime'

8:03:37 AM - Found 1 error. Watching for file changes.
[2J[3J[H8:03:38 AM - File change detected. Starting incremental compilation...

error TS2688: Cannot find type definition file for 'mime'.
  The file is in the program because:
    Entry point for implicit type library 'mime'

8:03:41 AM - Found 1 error. Watching for file changes.
[2J[3J[H8:03:42 AM - File change detected. Starting incremental compilation...

error TS2688: Cannot find type definition file for 'mime'.
  The file is in the program because:
    Entry point for implicit type library 'mime'

8:03:43 AM - Found 1 error. Watching for file changes.
[2J[3J[H8:03:43 AM - File change detected. Starting incremental compilation...

error TS2688: Cannot find type definition file for 'mime'.
  The file is in the program because:
    Entry point for implicit type library 'mime'

8:03:53 AM - Found 1 error. Watching for file changes.
[2J[3J[H8:03:53 AM - File change detected. Starting incremental compilation...

error TS2688: Cannot find type definition file for 'mime'.
  The file is in the program because:
    Entry point for implicit type library 'mime'

8:03:56 AM - Found 1 error. Watching for file changes.
[2J[3J[H8:03:57 AM - File change detected. Starting incremental compilation...

error TS2688: Cannot find type definition file for 'mime'.
  The file is in the program because:
    Entry point for implicit type library 'mime'

8:03:58 AM - Found 1 error. Watching for file changes.
[2J[3J[H8:04:03 AM - File change detected. Starting incremental compilation...

error TS2688: Cannot find type definition file for 'mime'.
  The file is in the program because:
    Entry point for implicit type library 'mime'

8:04:13 AM - Found 1 error. Watching for file changes.
[2J[3J[H8:04:13 AM - File change detected. Starting incremental compilation...

error TS2688: Cannot find type definition file for 'mime'.
  The file is in the program because:
    Entry point for implicit type library 'mime'

8:04:16 AM - Found 1 error. Watching for file changes.
[2J[3J[H8:04:17 AM - File change detected. Starting incremental compilation...

error TS2688: Cannot find type definition file for 'mime'.
  The file is in the program because:
    Entry point for implicit type library 'mime'

8:04:18 AM - Found 1 error. Watching for file changes.
[2J[3J[H8:04:45 AM - File change detected. Starting incremental compilation...

error TS2688: Cannot find type definition file for 'mime'.
  The file is in the program because:
    Entry point for implicit type library 'mime'

8:04:47 AM - Found 1 error. Watching for file changes.
[2J[3J[H8:04:48 AM - File change detected. Starting incremental compilation...

error TS2688: Cannot find type definition file for 'mime'.
  The file is in the program because:
    Entry point for implicit type library 'mime'

8:04:49 AM - Found 1 error. Watching for file changes.
[2J[3J[H8:04:52 AM - File change detected. Starting incremental compilation...

error TS2688: Cannot find type definition file for 'mime'.
  The file is in the program because:
    Entry point for implicit type library 'mime'

8:05:02 AM - Found 1 error. Watching for file changes.
[2J[3J[H8:05:22 AM - File change detected. Starting incremental compilation...

error TS2688: Cannot find type definition file for 'mime'.
  The file is in the program because:
    Entry point for implicit type library 'mime'

8:05:25 AM - Found 1 error. Watching for file changes.
[2J[3J[H8:05:26 AM - File change detected. Starting incremental compilation...

error TS2688: Cannot find type definition file for 'mime'.
  The file is in the program because:
    Entry point for implicit type library 'mime'

8:05:27 AM - Found 1 error. Watching for file changes.
[2J[3J[H8:06:05 AM - File change detected. Starting incremental compilation...

error TS2688: Cannot find type definition file for 'mime'.
  The file is in the program because:
    Entry point for implicit type library 'mime'

8:06:08 AM - Found 1 error. Watching for file changes.
[2J[3J[H8:06:09 AM - File change detected. Starting incremental compilation...

error TS2688: Cannot find type definition file for 'mime'.
  The file is in the program because:
    Entry point for implicit type library 'mime'

8:06:10 AM - Found 1 error. Watching for file changes.
[2J[3J[H8:07:32 AM - File change detected. Starting incremental compilation...

error TS2688: Cannot find type definition file for 'mime'.
  The file is in the program because:
    Entry point for implicit type library 'mime'

8:07:35 AM - Found 1 error. Watching for file changes.
[2J[3J[H8:07:36 AM - File change detected. Starting incremental compilation...

error TS2688: Cannot find type definition file for 'mime'.
  The file is in the program because:
    Entry point for implicit type library 'mime'

8:07:37 AM - Found 1 error. Watching for file changes.
[2J[3J[H8:07:49 AM - File change detected. Starting incremental compilation...

error TS2688: Cannot find type definition file for 'mime'.
  The file is in the program because:
    Entry point for implicit type library 'mime'

8:07:53 AM - Found 1 error. Watching for file changes.
[2J[3J[H8:07:54 AM - File change detected. Starting incremental compilation...

error TS2688: Cannot find type definition file for 'mime'.
  The file is in the program because:
    Entry point for implicit type library 'mime'

8:07:55 AM - Found 1 error. Watching for file changes.
[2J[3J[H8:12:12 AM - File change detected. Starting incremental compilation...

error TS2688: Cannot find type definition file for 'mime'.
  The file is in the program because:
    Entry point for implicit type library 'mime'

8:12:23 AM - Found 1 error. Watching for file changes.
[2J[3J[H8:12:23 AM - File change detected. Starting incremental compilation...

error TS2688: Cannot find type definition file for 'mime'.
  The file is in the program because:
    Entry point for implicit type library 'mime'

8:12:32 AM - Found 1 error. Watching for file changes.
[2J[3J[H8:12:33 AM - File change detected. Starting incremental compilation...

error TS2688: Cannot find type definition file for 'mime'.
  The file is in the program because:
    Entry point for implicit type library 'mime'

8:12:33 AM - Found 1 error. Watching for file changes.
[2J[3J[H8:14:04 AM - File change detected. Starting incremental compilation...

error TS2688: Cannot find type definition file for 'mime'.
  The file is in the program because:
    Entry point for implicit type library 'mime'

8:14:07 AM - Found 1 error. Watching for file changes.
[2J[3J[H8:14:07 AM - File change detected. Starting incremental compilation...

error TS2688: Cannot find type definition file for 'mime'.
  The file is in the program because:
    Entry point for implicit type library 'mime'

8:14:10 AM - Found 1 error. Watching for file changes.
[2J[3J[H8:14:11 AM - File change detected. Starting incremental compilation...

error TS2688: Cannot find type definition file for 'mime'.
  The file is in the program because:
    Entry point for implicit type library 'mime'

8:14:12 AM - Found 1 error. Watching for file changes.
[2J[3J[H8:14:25 AM - File change detected. Starting incremental compilation...

error TS2688: Cannot find type definition file for 'mime'.
  The file is in the program because:
    Entry point for implicit type library 'mime'

8:14:28 AM - Found 1 error. Watching for file changes.
[2J[3J[H8:14:29 AM - File change detected. Starting incremental compilation...

error TS2688: Cannot find type definition file for 'mime'.
  The file is in the program because:
    Entry point for implicit type library 'mime'

8:14:30 AM - Found 1 error. Watching for file changes.
[2J[3J[H8:14:38 AM - File change detected. Starting incremental compilation...

error TS2688: Cannot find type definition file for 'mime'.
  The file is in the program because:
    Entry point for implicit type library 'mime'

8:14:49 AM - Found 1 error. Watching for file changes.
[2J[3J[H8:14:50 AM - File change detected. Starting incremental compilation...

error TS2688: Cannot find type definition file for 'mime'.
  The file is in the program because:
    Entry point for implicit type library 'mime'

8:15:01 AM - Found 1 error. Watching for file changes.
[2J[3J[H8:15:03 AM - File change detected. Starting incremental compilation...

error TS2688: Cannot find type definition file for 'mime'.
  The file is in the program because:
    Entry point for implicit type library 'mime'

8:15:04 AM - Found 1 error. Watching for file changes.
[2J[3J[H8:15:12 AM - File change detected. Starting incremental compilation...

error TS2688: Cannot find type definition file for 'mime'.
  The file is in the program because:
    Entry point for implicit type library 'mime'

8:15:15 AM - Found 1 error. Watching for file changes.
[2J[3J[H8:15:16 AM - File change detected. Starting incremental compilation...

error TS2688: Cannot find type definition file for 'mime'.
  The file is in the program because:
    Entry point for implicit type library 'mime'

8:15:17 AM - Found 1 error. Watching for file changes.
[2J[3J[H8:18:29 AM - File change detected. Starting incremental compilation...

error TS2688: Cannot find type definition file for 'mime'.
  The file is in the program because:
    Entry point for implicit type library 'mime'

8:18:39 AM - Found 1 error. Watching for file changes.
[2J[3J[H8:18:43 AM - File change detected. Starting incremental compilation...

error TS2688: Cannot find type definition file for 'mime'.
  The file is in the program because:
    Entry point for implicit type library 'mime'

8:18:45 AM - Found 1 error. Watching for file changes.
[2J[3J[H8:18:46 AM - File change detected. Starting incremental compilation...

error TS2688: Cannot find type definition file for 'mime'.
  The file is in the program because:
    Entry point for implicit type library 'mime'

8:18:47 AM - Found 1 error. Watching for file changes.
[2J[3J[H8:18:53 AM - File change detected. Starting incremental compilation...

error TS2688: Cannot find type definition file for 'mime'.
  The file is in the program because:
    Entry point for implicit type library 'mime'

8:18:56 AM - Found 1 error. Watching for file changes.
[2J[3J[H8:18:57 AM - File change detected. Starting incremental compilation...

error TS2688: Cannot find type definition file for 'mime'.
  The file is in the program because:
    Entry point for implicit type library 'mime'

8:18:58 AM - Found 1 error. Watching for file changes.
[2J[3J[H8:21:32 AM - File change detected. Starting incremental compilation...

error TS2688: Cannot find type definition file for 'mime'.
  The file is in the program because:
    Entry point for implicit type library 'mime'

8:21:43 AM - Found 1 error. Watching for file changes.
[2J[3J[H8:21:43 AM - File change detected. Starting incremental compilation...

error TS2688: Cannot find type definition file for 'mime'.
  The file is in the program because:
    Entry point for implicit type library 'mime'

8:21:53 AM - Found 1 error. Watching for file changes.
[2J[3J[H8:22:49 AM - File change detected. Starting incremental compilation...

error TS2688: Cannot find type definition file for 'mime'.
  The file is in the program because:
    Entry point for implicit type library 'mime'

8:23:00 AM - Found 1 error. Watching for file changes.
[2J[3J[H8:23:00 AM - File change detected. Starting incremental compilation...

error TS2688: Cannot find type definition file for 'mime'.
  The file is in the program because:
    Entry point for implicit type library 'mime'

8:23:03 AM - Found 1 error. Watching for file changes.
[2J[3J[H8:23:04 AM - File change detected. Starting incremental compilation...

error TS2688: Cannot find type definition file for 'mime'.
  The file is in the program because:
    Entry point for implicit type library 'mime'

8:23:06 AM - Found 1 error. Watching for file changes.
[2J[3J[H8:23:08 AM - File change detected. Starting incremental compilation...

error TS2688: Cannot find type definition file for 'mime'.
  The file is in the program because:
    Entry point for implicit type library 'mime'

8:23:09 AM - Found 1 error. Watching for file changes.
[2J[3J[H8:28:40 AM - File change detected. Starting incremental compilation...

error TS2688: Cannot find type definition file for 'mime'.
  The file is in the program because:
    Entry point for implicit type library 'mime'

8:28:51 AM - Found 1 error. Watching for file changes.
[2J[3J[H8:29:23 AM - File change detected. Starting incremental compilation...

error TS2688: Cannot find type definition file for 'mime'.
  The file is in the program because:
    Entry point for implicit type library 'mime'

8:29:34 AM - Found 1 error. Watching for file changes.
[2J[3J[H8:29:35 AM - File change detected. Starting incremental compilation...

error TS2688: Cannot find type definition file for 'mime'.
  The file is in the program because:
    Entry point for implicit type library 'mime'

8:29:38 AM - Found 1 error. Watching for file changes.
[2J[3J[H8:29:39 AM - File change detected. Starting incremental compilation...

error TS2688: Cannot find type definition file for 'mime'.
  The file is in the program because:
    Entry point for implicit type library 'mime'

8:29:40 AM - Found 1 error. Watching for file changes.
[2J[3J[H8:29:41 AM - File change detected. Starting incremental compilation...

error TS2688: Cannot find type definition file for 'mime'.
  The file is in the program because:
    Entry point for implicit type library 'mime'

8:29:44 AM - Found 1 error. Watching for file changes.
[2J[3J[H8:29:45 AM - File change detected. Starting incremental compilation...

error TS2688: Cannot find type definition file for 'mime'.
  The file is in the program because:
    Entry point for implicit type library 'mime'

8:29:46 AM - Found 1 error. Watching for file changes.
[2J[3J[H8:30:00 AM - File change detected. Starting incremental compilation...

error TS2688: Cannot find type definition file for 'mime'.
  The file is in the program because:
    Entry point for implicit type library 'mime'

8:30:10 AM - Found 1 error. Watching for file changes.
[2J[3J[H8:30:10 AM - File change detected. Starting incremental compilation...

error TS2688: Cannot find type definition file for 'mime'.
  The file is in the program because:
    Entry point for implicit type library 'mime'

8:30:23 AM - Found 1 error. Watching for file changes.
[2J[3J[H8:30:24 AM - File change detected. Starting incremental compilation...

error TS2688: Cannot find type definition file for 'mime'.
  The file is in the program because:
    Entry point for implicit type library 'mime'

8:30:25 AM - Found 1 error. Watching for file changes.
[2J[3J[H8:31:21 AM - File change detected. Starting incremental compilation...

error TS2688: Cannot find type definition file for 'mime'.
  The file is in the program because:
    Entry point for implicit type library 'mime'

8:31:31 AM - Found 1 error. Watching for file changes.
[2J[3J[H8:31:31 AM - File change detected. Starting incremental compilation...

error TS2688: Cannot find type definition file for 'mime'.
  The file is in the program because:
    Entry point for implicit type library 'mime'

8:31:41 AM - Found 1 error. Watching for file changes.
[2J[3J[H8:32:19 AM - File change detected. Starting incremental compilation...

error TS2688: Cannot find type definition file for 'mime'.
  The file is in the program because:
    Entry point for implicit type library 'mime'

8:32:30 AM - Found 1 error. Watching for file changes.
[2J[3J[H8:32:30 AM - File change detected. Starting incremental compilation...

error TS2688: Cannot find type definition file for 'mime'.
  The file is in the program because:
    Entry point for implicit type library 'mime'

8:32:33 AM - Found 1 error. Watching for file changes.
[2J[3J[H8:32:34 AM - File change detected. Starting incremental compilation...

error TS2688: Cannot find type definition file for 'mime'.
  The file is in the program because:
    Entry point for implicit type library 'mime'

8:32:35 AM - Found 1 error. Watching for file changes.
[2J[3J[H8:32:56 AM - File change detected. Starting incremental compilation...

error TS2688: Cannot find type definition file for 'mime'.
  The file is in the program because:
    Entry point for implicit type library 'mime'

8:33:05 AM - Found 1 error. Watching for file changes.
[2J[3J[H8:33:53 AM - File change detected. Starting incremental compilation...

error TS2688: Cannot find type definition file for 'mime'.
  The file is in the program because:
    Entry point for implicit type library 'mime'

8:34:03 AM - Found 1 error. Watching for file changes.
[2J[3J[H8:34:04 AM - File change detected. Starting incremental compilation...

error TS2688: Cannot find type definition file for 'mime'.
  The file is in the program because:
    Entry point for implicit type library 'mime'

8:34:07 AM - Found 1 error. Watching for file changes.
[2J[3J[H8:34:08 AM - File change detected. Starting incremental compilation...

error TS2688: Cannot find type definition file for 'mime'.
  The file is in the program because:
    Entry point for implicit type library 'mime'

8:34:09 AM - Found 1 error. Watching for file changes.
[2J[3J[H8:36:23 AM - File change detected. Starting incremental compilation...

error TS2688: Cannot find type definition file for 'mime'.
  The file is in the program because:
    Entry point for implicit type library 'mime'

8:36:33 AM - Found 1 error. Watching for file changes.
[2J[3J[H8:36:34 AM - File change detected. Starting incremental compilation...

error TS2688: Cannot find type definition file for 'mime'.
  The file is in the program because:
    Entry point for implicit type library 'mime'

8:36:36 AM - Found 1 error. Watching for file changes.
[2J[3J[H8:36:38 AM - File change detected. Starting incremental compilation...

error TS2688: Cannot find type definition file for 'mime'.
  The file is in the program because:
    Entry point for implicit type library 'mime'

8:36:38 AM - Found 1 error. Watching for file changes.
[2J[3J[H8:37:32 AM - File change detected. Starting incremental compilation...

error TS2688: Cannot find type definition file for 'mime'.
  The file is in the program because:
    Entry point for implicit type library 'mime'

8:37:35 AM - Found 1 error. Watching for file changes.
[2J[3J[H8:37:36 AM - File change detected. Starting incremental compilation...

error TS2688: Cannot find type definition file for 'mime'.
  The file is in the program because:
    Entry point for implicit type library 'mime'

8:37:37 AM - Found 1 error. Watching for file changes.
[2J[3J[H8:41:25 AM - File change detected. Starting incremental compilation...

error TS2688: Cannot find type definition file for 'mime'.
  The file is in the program because:
    Entry point for implicit type library 'mime'

8:41:35 AM - Found 1 error. Watching for file changes.
[2J[3J[H8:41:36 AM - File change detected. Starting incremental compilation...

error TS2688: Cannot find type definition file for 'mime'.
  The file is in the program because:
    Entry point for implicit type library 'mime'

8:41:45 AM - Found 1 error. Watching for file changes.
[2J[3J[H8:50:42 AM - File change detected. Starting incremental compilation...

error TS2688: Cannot find type definition file for 'mime'.
  The file is in the program because:
    Entry point for implicit type library 'mime'

8:50:45 AM - Found 1 error. Watching for file changes.
[2J[3J[H8:50:46 AM - File change detected. Starting incremental compilation...

error TS2688: Cannot find type definition file for 'mime'.
  The file is in the program because:
    Entry point for implicit type library 'mime'

8:50:47 AM - Found 1 error. Watching for file changes.
[2J[3J[H8:50:51 AM - File change detected. Starting incremental compilation...

error TS2688: Cannot find type definition file for 'mime'.
  The file is in the program because:
    Entry point for implicit type library 'mime'

8:50:53 AM - Found 1 error. Watching for file changes.
[2J[3J[H8:50:54 AM - File change detected. Starting incremental compilation...

error TS2688: Cannot find type definition file for 'mime'.
  The file is in the program because:
    Entry point for implicit type library 'mime'

8:50:55 AM - Found 1 error. Watching for file changes.
[2J[3J[H8:51:53 AM - File change detected. Starting incremental compilation...

error TS2688: Cannot find type definition file for 'mime'.
  The file is in the program because:
    Entry point for implicit type library 'mime'

8:52:04 AM - Found 1 error. Watching for file changes.
[2J[3J[H8:52:25 AM - File change detected. Starting incremental compilation...

error TS2688: Cannot find type definition file for 'mime'.
  The file is in the program because:
    Entry point for implicit type library 'mime'

8:52:35 AM - Found 1 error. Watching for file changes.
[2J[3J[H8:52:47 AM - File change detected. Starting incremental compilation...

error TS2688: Cannot find type definition file for 'mime'.
  The file is in the program because:
    Entry point for implicit type library 'mime'

8:52:57 AM - Found 1 error. Watching for file changes.
[2J[3J[H8:53:11 AM - File change detected. Starting incremental compilation...

error TS2688: Cannot find type definition file for 'mime'.
  The file is in the program because:
    Entry point for implicit type library 'mime'

8:53:14 AM - Found 1 error. Watching for file changes.
[2J[3J[H8:53:15 AM - File change detected. Starting incremental compilation...

error TS2688: Cannot find type definition file for 'mime'.
  The file is in the program because:
    Entry point for implicit type library 'mime'

8:53:16 AM - Found 1 error. Watching for file changes.
[2J[3J[H8:54:19 AM - File change detected. Starting incremental compilation...

error TS2688: Cannot find type definition file for 'mime'.
  The file is in the program because:
    Entry point for implicit type library 'mime'

8:54:29 AM - Found 1 error. Watching for file changes.
[2J[3J[H8:55:41 AM - File change detected. Starting incremental compilation...

error TS2688: Cannot find type definition file for 'mime'.
  The file is in the program because:
    Entry point for implicit type library 'mime'

8:55:52 AM - Found 1 error. Watching for file changes.
[2J[3J[H8:55:52 AM - File change detected. Starting incremental compilation...

error TS2688: Cannot find type definition file for 'mime'.
  The file is in the program because:
    Entry point for implicit type library 'mime'

8:55:55 AM - Found 1 error. Watching for file changes.
[2J[3J[H8:55:56 AM - File change detected. Starting incremental compilation...

error TS2688: Cannot find type definition file for 'mime'.
  The file is in the program because:
    Entry point for implicit type library 'mime'

8:55:57 AM - Found 1 error. Watching for file changes.
[2J[3J[H8:57:36 AM - File change detected. Starting incremental compilation...

error TS2688: Cannot find type definition file for 'mime'.
  The file is in the program because:
    Entry point for implicit type library 'mime'

8:57:45 AM - Found 1 error. Watching for file changes.
[2J[3J[H8:57:46 AM - File change detected. Starting incremental compilation...

error TS2688: Cannot find type definition file for 'mime'.
  The file is in the program because:
    Entry point for implicit type library 'mime'

8:57:48 AM - Found 1 error. Watching for file changes.
[2J[3J[H8:57:49 AM - File change detected. Starting incremental compilation...

error TS2688: Cannot find type definition file for 'mime'.
  The file is in the program because:
    Entry point for implicit type library 'mime'

8:57:50 AM - Found 1 error. Watching for file changes.
[2J[3J[H8:58:18 AM - File change detected. Starting incremental compilation...

error TS2688: Cannot find type definition file for 'mime'.
  The file is in the program because:
    Entry point for implicit type library 'mime'

8:58:28 AM - Found 1 error. Watching for file changes.
[2J[3J[H8:58:29 AM - File change detected. Starting incremental compilation...

error TS2688: Cannot find type definition file for 'mime'.
  The file is in the program because:
    Entry point for implicit type library 'mime'

8:58:31 AM - Found 1 error. Watching for file changes.
[2J[3J[H8:58:32 AM - File change detected. Starting incremental compilation...

error TS2688: Cannot find type definition file for 'mime'.
  The file is in the program because:
    Entry point for implicit type library 'mime'

8:58:33 AM - Found 1 error. Watching for file changes.
[2J[3J[H8:59:57 AM - File change detected. Starting incremental compilation...

error TS2688: Cannot find type definition file for 'mime'.
  The file is in the program because:
    Entry point for implicit type library 'mime'

9:00:06 AM - Found 1 error. Watching for file changes.
[2J[3J[H9:01:22 AM - File change detected. Starting incremental compilation...

error TS2688: Cannot find type definition file for 'mime'.
  The file is in the program because:
    Entry point for implicit type library 'mime'

9:01:32 AM - Found 1 error. Watching for file changes.
[2J[3J[H9:01:38 AM - File change detected. Starting incremental compilation...

error TS2688: Cannot find type definition file for 'mime'.
  The file is in the program because:
    Entry point for implicit type library 'mime'

9:01:41 AM - Found 1 error. Watching for file changes.
[2J[3J[H9:01:42 AM - File change detected. Starting incremental compilation...

error TS2688: Cannot find type definition file for 'mime'.
  The file is in the program because:
    Entry point for implicit type library 'mime'

9:01:45 AM - Found 1 error. Watching for file changes.
[2J[3J[H9:01:46 AM - File change detected. Starting incremental compilation...

error TS2688: Cannot find type definition file for 'mime'.
  The file is in the program because:
    Entry point for implicit type library 'mime'

9:01:49 AM - Found 1 error. Watching for file changes.
[2J[3J[H9:01:50 AM - File change detected. Starting incremental compilation...

error TS2688: Cannot find type definition file for 'mime'.
  The file is in the program because:
    Entry point for implicit type library 'mime'

9:01:51 AM - Found 1 error. Watching for file changes.
[2J[3J[H9:01:59 AM - File change detected. Starting incremental compilation...

error TS2688: Cannot find type definition file for 'mime'.
  The file is in the program because:
    Entry point for implicit type library 'mime'

9:02:10 AM - Found 1 error. Watching for file changes.
[2J[3J[H9:02:10 AM - File change detected. Starting incremental compilation...

error TS2688: Cannot find type definition file for 'mime'.
  The file is in the program because:
    Entry point for implicit type library 'mime'

9:02:13 AM - Found 1 error. Watching for file changes.
[2J[3J[H9:02:14 AM - File change detected. Starting incremental compilation...

error TS2688: Cannot find type definition file for 'mime'.
  The file is in the program because:
    Entry point for implicit type library 'mime'

9:02:15 AM - Found 1 error. Watching for file changes.
[2J[3J[H9:02:18 AM - File change detected. Starting incremental compilation...

error TS2688: Cannot find type definition file for 'mime'.
  The file is in the program because:
    Entry point for implicit type library 'mime'

9:02:28 AM - Found 1 error. Watching for file changes.
[2J[3J[H9:02:37 AM - File change detected. Starting incremental compilation...

error TS2688: Cannot find type definition file for 'mime'.
  The file is in the program because:
    Entry point for implicit type library 'mime'

9:02:46 AM - Found 1 error. Watching for file changes.
[2J[3J[H9:02:47 AM - File change detected. Starting incremental compilation...

error TS2688: Cannot find type definition file for 'mime'.
  The file is in the program because:
    Entry point for implicit type library 'mime'

9:02:56 AM - Found 1 error. Watching for file changes.
[2J[3J[H9:02:57 AM - File change detected. Starting incremental compilation...

error TS2688: Cannot find type definition file for 'mime'.
  The file is in the program because:
    Entry point for implicit type library 'mime'

9:03:08 AM - Found 1 error. Watching for file changes.
[2J[3J[H9:03:10 AM - File change detected. Starting incremental compilation...

error TS2688: Cannot find type definition file for 'mime'.
  The file is in the program because:
    Entry point for implicit type library 'mime'

9:03:11 AM - Found 1 error. Watching for file changes.
[2J[3J[H9:03:45 AM - File change detected. Starting incremental compilation...

error TS2688: Cannot find type definition file for 'mime'.
  The file is in the program because:
    Entry point for implicit type library 'mime'

9:03:55 AM - Found 1 error. Watching for file changes.
[2J[3J[H9:03:55 AM - File change detected. Starting incremental compilation...

error TS2688: Cannot find type definition file for 'mime'.
  The file is in the program because:
    Entry point for implicit type library 'mime'

9:03:57 AM - Found 1 error. Watching for file changes.
[2J[3J[H9:03:58 AM - File change detected. Starting incremental compilation...

error TS2688: Cannot find type definition file for 'mime'.
  The file is in the program because:
    Entry point for implicit type library 'mime'

9:03:59 AM - Found 1 error. Watching for file changes.
[2J[3J[H9:04:09 AM - File change detected. Starting incremental compilation...

error TS2688: Cannot find type definition file for 'mime'.
  The file is in the program because:
    Entry point for implicit type library 'mime'

9:04:19 AM - Found 1 error. Watching for file changes.
[2J[3J[H9:04:19 AM - File change detected. Starting incremental compilation...

error TS2688: Cannot find type definition file for 'mime'.
  The file is in the program because:
    Entry point for implicit type library 'mime'

9:04:22 AM - Found 1 error. Watching for file changes.
[2J[3J[H9:04:23 AM - File change detected. Starting incremental compilation...

error TS2688: Cannot find type definition file for 'mime'.
  The file is in the program because:
    Entry point for implicit type library 'mime'

9:04:24 AM - Found 1 error. Watching for file changes.
[2J[3J[H9:04:33 AM - File change detected. Starting incremental compilation...

error TS2688: Cannot find type definition file for 'mime'.
  The file is in the program because:
    Entry point for implicit type library 'mime'

9:04:43 AM - Found 1 error. Watching for file changes.
[2J[3J[H9:04:48 AM - File change detected. Starting incremental compilation...

error TS2688: Cannot find type definition file for 'mime'.
  The file is in the program because:
    Entry point for implicit type library 'mime'

9:04:58 AM - Found 1 error. Watching for file changes.
[2J[3J[H9:04:58 AM - File change detected. Starting incremental compilation...

error TS2688: Cannot find type definition file for 'mime'.
  The file is in the program because:
    Entry point for implicit type library 'mime'

9:05:01 AM - Found 1 error. Watching for file changes.
[2J[3J[H9:05:02 AM - File change detected. Starting incremental compilation...

error TS2688: Cannot find type definition file for 'mime'.
  The file is in the program because:
    Entry point for implicit type library 'mime'

9:05:03 AM - Found 1 error. Watching for file changes.
[2J[3J[H9:05:14 AM - File change detected. Starting incremental compilation...

error TS2688: Cannot find type definition file for 'mime'.
  The file is in the program because:
    Entry point for implicit type library 'mime'

9:05:24 AM - Found 1 error. Watching for file changes.
[2J[3J[H9:05:25 AM - File change detected. Starting incremental compilation...

error TS2688: Cannot find type definition file for 'mime'.
  The file is in the program because:
    Entry point for implicit type library 'mime'

9:05:27 AM - Found 1 error. Watching for file changes.
[2J[3J[H9:05:28 AM - File change detected. Starting incremental compilation...

error TS2688: Cannot find type definition file for 'mime'.
  The file is in the program because:
    Entry point for implicit type library 'mime'

9:05:29 AM - Found 1 error. Watching for file changes.
[2J[3J[H9:06:42 AM - File change detected. Starting incremental compilation...

error TS2688: Cannot find type definition file for 'mime'.
  The file is in the program because:
    Entry point for implicit type library 'mime'

9:06:52 AM - Found 1 error. Watching for file changes.
[2J[3J[H9:06:53 AM - File change detected. Starting incremental compilation...

error TS2688: Cannot find type definition file for 'mime'.
  The file is in the program because:
    Entry point for implicit type library 'mime'

9:06:56 AM - Found 1 error. Watching for file changes.
[2J[3J[H9:06:57 AM - File change detected. Starting incremental compilation...

error TS2688: Cannot find type definition file for 'mime'.
  The file is in the program because:
    Entry point for implicit type library 'mime'

9:06:58 AM - Found 1 error. Watching for file changes.
[2J[3J[H9:07:33 AM - File change detected. Starting incremental compilation...

error TS2688: Cannot find type definition file for 'mime'.
  The file is in the program because:
    Entry point for implicit type library 'mime'

9:07:43 AM - Found 1 error. Watching for file changes.
[2J[3J[H9:07:43 AM - File change detected. Starting incremental compilation...

error TS2688: Cannot find type definition file for 'mime'.
  The file is in the program because:
    Entry point for implicit type library 'mime'

9:07:46 AM - Found 1 error. Watching for file changes.
[2J[3J[H9:07:47 AM - File change detected. Starting incremental compilation...

error TS2688: Cannot find type definition file for 'mime'.
  The file is in the program because:
    Entry point for implicit type library 'mime'

9:07:48 AM - Found 1 error. Watching for file changes.
[2J[3J[H9:09:38 AM - File change detected. Starting incremental compilation...

error TS2688: Cannot find type definition file for 'mime'.
  The file is in the program because:
    Entry point for implicit type library 'mime'

9:09:49 AM - Found 1 error. Watching for file changes.
[2J[3J[H9:09:50 AM - File change detected. Starting incremental compilation...

error TS2688: Cannot find type definition file for 'mime'.
  The file is in the program because:
    Entry point for implicit type library 'mime'

9:09:52 AM - Found 1 error. Watching for file changes.
[2J[3J[H9:09:53 AM - File change detected. Starting incremental compilation...

error TS2688: Cannot find type definition file for 'mime'.
  The file is in the program because:
    Entry point for implicit type library 'mime'

9:09:54 AM - Found 1 error. Watching for file changes.
[2J[3J[H9:09:58 AM - File change detected. Starting incremental compilation...

error TS2688: Cannot find type definition file for 'mime'.
  The file is in the program because:
    Entry point for implicit type library 'mime'

9:10:08 AM - Found 1 error. Watching for file changes.
[2J[3J[H9:10:08 AM - File change detected. Starting incremental compilation...

error TS2688: Cannot find type definition file for 'mime'.
  The file is in the program because:
    Entry point for implicit type library 'mime'

9:10:18 AM - Found 1 error. Watching for file changes.
[2J[3J[H9:10:19 AM - File change detected. Starting incremental compilation...

error TS2688: Cannot find type definition file for 'mime'.
  The file is in the program because:
    Entry point for implicit type library 'mime'

9:10:30 AM - Found 1 error. Watching for file changes.
[2J[3J[H9:10:31 AM - File change detected. Starting incremental compilation...

error TS2688: Cannot find type definition file for 'mime'.
  The file is in the program because:
    Entry point for implicit type library 'mime'

9:10:32 AM - Found 1 error. Watching for file changes.
[2J[3J[H9:10:47 AM - File change detected. Starting incremental compilation...

error TS2688: Cannot find type definition file for 'mime'.
  The file is in the program because:
    Entry point for implicit type library 'mime'

9:10:57 AM - Found 1 error. Watching for file changes.
[2J[3J[H9:10:58 AM - File change detected. Starting incremental compilation...

error TS2688: Cannot find type definition file for 'mime'.
  The file is in the program because:
    Entry point for implicit type library 'mime'

9:11:09 AM - Found 1 error. Watching for file changes.
[2J[3J[H9:11:10 AM - File change detected. Starting incremental compilation...

error TS2688: Cannot find type definition file for 'mime'.
  The file is in the program because:
    Entry point for implicit type library 'mime'

9:11:12 AM - Found 1 error. Watching for file changes.
[2J[3J[H9:13:22 AM - File change detected. Starting incremental compilation...

error TS2688: Cannot find type definition file for 'mime'.
  The file is in the program because:
    Entry point for implicit type library 'mime'

9:13:25 AM - Found 1 error. Watching for file changes.
[2J[3J[H9:13:26 AM - File change detected. Starting incremental compilation...

error TS2688: Cannot find type definition file for 'mime'.
  The file is in the program because:
    Entry point for implicit type library 'mime'

9:13:27 AM - Found 1 error. Watching for file changes.
[2J[3J[H9:16:45 AM - File change detected. Starting incremental compilation...

error TS2688: Cannot find type definition file for 'mime'.
  The file is in the program because:
    Entry point for implicit type library 'mime'

9:16:45 AM - Found 1 error. Watching for file changes.
[2J[3J[H9:16:46 AM - File change detected. Starting incremental compilation...

error TS2688: Cannot find type definition file for 'mime'.
  The file is in the program because:
    Entry point for implicit type library 'mime'

9:16:47 AM - Found 1 error. Watching for file changes.
[2J[3J[H9:16:55 AM - File change detected. Starting incremental compilation...

error TS2688: Cannot find type definition file for 'mime'.
  The file is in the program because:
    Entry point for implicit type library 'mime'

9:16:55 AM - Found 1 error. Watching for file changes.
[2J[3J[H9:17:55 AM - File change detected. Starting incremental compilation...

error TS2688: Cannot find type definition file for 'mime'.
  The file is in the program because:
    Entry point for implicit type library 'mime'

9:18:06 AM - Found 1 error. Watching for file changes.
[2J[3J[H9:18:06 AM - File change detected. Starting incremental compilation...

error TS2688: Cannot find type definition file for 'mime'.
  The file is in the program because:
    Entry point for implicit type library 'mime'

9:18:16 AM - Found 1 error. Watching for file changes.
[2J[3J[H9:18:45 AM - File change detected. Starting incremental compilation...

error TS2688: Cannot find type definition file for 'mime'.
  The file is in the program because:
    Entry point for implicit type library 'mime'

9:18:49 AM - Found 1 error. Watching for file changes.
[2J[3J[H9:18:49 AM - File change detected. Starting incremental compilation...

error TS2688: Cannot find type definition file for 'mime'.
  The file is in the program because:
    Entry point for implicit type library 'mime'

9:18:51 AM - Found 1 error. Watching for file changes.
[2J[3J[H9:18:53 AM - File change detected. Starting incremental compilation...

error TS2688: Cannot find type definition file for 'mime'.
  The file is in the program because:
    Entry point for implicit type library 'mime'

9:18:53 AM - Found 1 error. Watching for file changes.
[2J[3J[H9:22:28 AM - File change detected. Starting incremental compilation...

error TS2688: Cannot find type definition file for 'mime'.
  The file is in the program because:
    Entry point for implicit type library 'mime'

9:22:32 AM - Found 1 error. Watching for file changes.
[2J[3J[H9:22:33 AM - File change detected. Starting incremental compilation...

error TS2688: Cannot find type definition file for 'mime'.
  The file is in the program because:
    Entry point for implicit type library 'mime'

9:22:34 AM - Found 1 error. Watching for file changes.
[2J[3J[H9:26:27 AM - File change detected. Starting incremental compilation...

app/lib/reader/parts/pdf-reader.tsx(160,67): error TS1005: ')' expected.
app/lib/reader/parts/pdf-reader.tsx(161,37): error TS1128: Declaration or statement expected.
app/lib/reader/parts/pdf-reader.tsx(162,35): error TS1381: Unexpected token. Did you mean `{'}'}` or `&rbrace;`?
app/lib/reader/parts/pdf-reader.tsx(163,33): error TS1381: Unexpected token. Did you mean `{'}'}` or `&rbrace;`?
app/lib/reader/parts/pdf-reader.tsx(164,31): error TS1381: Unexpected token. Did you mean `{'}'}` or `&rbrace;`?
app/lib/reader/parts/pdf-reader.tsx(164,32): error TS1381: Unexpected token. Did you mean `{'}'}` or `&rbrace;`?
app/lib/reader/parts/pdf-reader.tsx(174,30): error TS1382: Unexpected token. Did you mean `{'>'}` or `&gt;`?

9:26:37 AM - Found 7 errors. Watching for file changes.
[2J[3J[H9:26:38 AM - File change detected. Starting incremental compilation...

error TS2688: Cannot find type definition file for 'mime'.
  The file is in the program because:
    Entry point for implicit type library 'mime'

9:26:48 AM - Found 1 error. Watching for file changes.
[2J[3J[H9:26:49 AM - File change detected. Starting incremental compilation...

error TS2688: Cannot find type definition file for 'mime'.
  The file is in the program because:
    Entry point for implicit type library 'mime'

9:26:51 AM - Found 1 error. Watching for file changes.
[2J[3J[H9:26:52 AM - File change detected. Starting incremental compilation...

error TS2688: Cannot find type definition file for 'mime'.
  The file is in the program because:
    Entry point for implicit type library 'mime'

9:26:53 AM - Found 1 error. Watching for file changes.
[2J[3J[H9:28:39 AM - File change detected. Starting incremental compilation...

error TS2688: Cannot find type definition file for 'mime'.
  The file is in the program because:
    Entry point for implicit type library 'mime'

9:28:50 AM - Found 1 error. Watching for file changes.
[2J[3J[H9:28:50 AM - File change detected. Starting incremental compilation...

error TS2688: Cannot find type definition file for 'mime'.
  The file is in the program because:
    Entry point for implicit type library 'mime'

9:29:03 AM - Found 1 error. Watching for file changes.
[2J[3J[H9:29:04 AM - File change detected. Starting incremental compilation...

error TS2688: Cannot find type definition file for 'mime'.
  The file is in the program because:
    Entry point for implicit type library 'mime'

9:29:14 AM - Found 1 error. Watching for file changes.
[2J[3J[H9:29:14 AM - File change detected. Starting incremental compilation...

error TS2688: Cannot find type definition file for 'mime'.
  The file is in the program because:
    Entry point for implicit type library 'mime'

9:29:24 AM - Found 1 error. Watching for file changes.
[2J[3J[H9:29:25 AM - File change detected. Starting incremental compilation...

error TS2688: Cannot find type definition file for 'mime'.
  The file is in the program because:
    Entry point for implicit type library 'mime'

9:29:27 AM - Found 1 error. Watching for file changes.
[2J[3J[H9:29:28 AM - File change detected. Starting incremental compilation...

error TS2688: Cannot find type definition file for 'mime'.
  The file is in the program because:
    Entry point for implicit type library 'mime'

9:29:29 AM - Found 1 error. Watching for file changes.
[2J[3J[H9:29:34 AM - File change detected. Starting incremental compilation...

error TS2688: Cannot find type definition file for 'mime'.
  The file is in the program because:
    Entry point for implicit type library 'mime'

9:29:44 AM - Found 1 error. Watching for file changes.
[2J[3J[H9:29:45 AM - File change detected. Starting incremental compilation...

error TS2688: Cannot find type definition file for 'mime'.
  The file is in the program because:
    Entry point for implicit type library 'mime'

9:29:47 AM - Found 1 error. Watching for file changes.
[2J[3J[H9:29:48 AM - File change detected. Starting incremental compilation...

error TS2688: Cannot find type definition file for 'mime'.
  The file is in the program because:
    Entry point for implicit type library 'mime'

9:29:49 AM - Found 1 error. Watching for file changes.
[2J[3J[H9:29:58 AM - File change detected. Starting incremental compilation...

error TS2688: Cannot find type definition file for 'mime'.
  The file is in the program because:
    Entry point for implicit type library 'mime'

9:30:08 AM - Found 1 error. Watching for file changes.
[2J[3J[H9:30:08 AM - File change detected. Starting incremental compilation...

error TS2688: Cannot find type definition file for 'mime'.
  The file is in the program because:
    Entry point for implicit type library 'mime'

9:30:11 AM - Found 1 error. Watching for file changes.
[2J[3J[H9:30:12 AM - File change detected. Starting incremental compilation...

error TS2688: Cannot find type definition file for 'mime'.
  The file is in the program because:
    Entry point for implicit type library 'mime'

9:30:13 AM - Found 1 error. Watching for file changes.
[2J[3J[H9:30:47 AM - File change detected. Starting incremental compilation...

error TS2688: Cannot find type definition file for 'mime'.
  The file is in the program because:
    Entry point for implicit type library 'mime'

9:30:57 AM - Found 1 error. Watching for file changes.
[2J[3J[H9:30:59 AM - File change detected. Starting incremental compilation...

error TS2688: Cannot find type definition file for 'mime'.
  The file is in the program because:
    Entry point for implicit type library 'mime'

9:31:09 AM - Found 1 error. Watching for file changes.
[2J[3J[H9:31:09 AM - File change detected. Starting incremental compilation...

error TS2688: Cannot find type definition file for 'mime'.
  The file is in the program because:
    Entry point for implicit type library 'mime'

9:31:19 AM - Found 1 error. Watching for file changes.
[2J[3J[H9:31:19 AM - File change detected. Starting incremental compilation...

error TS2688: Cannot find type definition file for 'mime'.
  The file is in the program because:
    Entry point for implicit type library 'mime'

9:31:22 AM - Found 1 error. Watching for file changes.
[2J[3J[H9:31:23 AM - File change detected. Starting incremental compilation...

error TS2688: Cannot find type definition file for 'mime'.
  The file is in the program because:
    Entry point for implicit type library 'mime'

9:31:24 AM - Found 1 error. Watching for file changes.
[2J[3J[H9:31:32 AM - File change detected. Starting incremental compilation...

error TS2688: Cannot find type definition file for 'mime'.
  The file is in the program because:
    Entry point for implicit type library 'mime'

9:31:42 AM - Found 1 error. Watching for file changes.
[2J[3J[H9:31:43 AM - File change detected. Starting incremental compilation...

error TS2688: Cannot find type definition file for 'mime'.
  The file is in the program because:
    Entry point for implicit type library 'mime'

9:31:45 AM - Found 1 error. Watching for file changes.
[2J[3J[H9:31:46 AM - File change detected. Starting incremental compilation...

error TS2688: Cannot find type definition file for 'mime'.
  The file is in the program because:
    Entry point for implicit type library 'mime'

9:31:47 AM - Found 1 error. Watching for file changes.
[2J[3J[H9:32:49 AM - File change detected. Starting incremental compilation...

error TS2688: Cannot find type definition file for 'mime'.
  The file is in the program because:
    Entry point for implicit type library 'mime'

9:32:59 AM - Found 1 error. Watching for file changes.
[2J[3J[H9:32:59 AM - File change detected. Starting incremental compilation...

error TS2688: Cannot find type definition file for 'mime'.
  The file is in the program because:
    Entry point for implicit type library 'mime'

9:33:09 AM - Found 1 error. Watching for file changes.
[2J[3J[H9:33:11 AM - File change detected. Starting incremental compilation...

error TS2688: Cannot find type definition file for 'mime'.
  The file is in the program because:
    Entry point for implicit type library 'mime'

9:33:20 AM - Found 1 error. Watching for file changes.
[2J[3J[H9:33:20 AM - File change detected. Starting incremental compilation...

error TS2688: Cannot find type definition file for 'mime'.
  The file is in the program because:
    Entry point for implicit type library 'mime'

9:33:30 AM - Found 1 error. Watching for file changes.
[2J[3J[H9:33:30 AM - File change detected. Starting incremental compilation...

error TS2688: Cannot find type definition file for 'mime'.
  The file is in the program because:
    Entry point for implicit type library 'mime'

9:33:40 AM - Found 1 error. Watching for file changes.
[2J[3J[H9:33:40 AM - File change detected. Starting incremental compilation...

error TS2688: Cannot find type definition file for 'mime'.
  The file is in the program because:
    Entry point for implicit type library 'mime'

9:33:51 AM - Found 1 error. Watching for file changes.
[2J[3J[H9:33:51 AM - File change detected. Starting incremental compilation...

error TS2688: Cannot find type definition file for 'mime'.
  The file is in the program because:
    Entry point for implicit type library 'mime'

9:33:53 AM - Found 1 error. Watching for file changes.
[2J[3J[H9:33:54 AM - File change detected. Starting incremental compilation...

error TS2688: Cannot find type definition file for 'mime'.
  The file is in the program because:
    Entry point for implicit type library 'mime'

9:33:55 AM - Found 1 error. Watching for file changes.
[2J[3J[H9:34:15 AM - File change detected. Starting incremental compilation...

error TS2688: Cannot find type definition file for 'mime'.
  The file is in the program because:
    Entry point for implicit type library 'mime'

9:34:25 AM - Found 1 error. Watching for file changes.
[2J[3J[H9:34:26 AM - File change detected. Starting incremental compilation...

error TS2688: Cannot find type definition file for 'mime'.
  The file is in the program because:
    Entry point for implicit type library 'mime'

9:34:35 AM - Found 1 error. Watching for file changes.
[2J[3J[H9:35:11 AM - File change detected. Starting incremental compilation...

error TS2688: Cannot find type definition file for 'mime'.
  The file is in the program because:
    Entry point for implicit type library 'mime'

9:35:14 AM - Found 1 error. Watching for file changes.
[2J[3J[H9:35:15 AM - File change detected. Starting incremental compilation...

error TS2688: Cannot find type definition file for 'mime'.
  The file is in the program because:
    Entry point for implicit type library 'mime'

9:35:16 AM - Found 1 error. Watching for file changes.
[2J[3J[H9:35:29 AM - File change detected. Starting incremental compilation...

error TS2688: Cannot find type definition file for 'mime'.
  The file is in the program because:
    Entry point for implicit type library 'mime'

9:35:32 AM - Found 1 error. Watching for file changes.
[2J[3J[H9:35:33 AM - File change detected. Starting incremental compilation...

error TS2688: Cannot find type definition file for 'mime'.
  The file is in the program because:
    Entry point for implicit type library 'mime'

9:35:34 AM - Found 1 error. Watching for file changes.
[2J[3J[H9:36:03 AM - File change detected. Starting incremental compilation...

error TS2688: Cannot find type definition file for 'mime'.
  The file is in the program because:
    Entry point for implicit type library 'mime'

9:36:13 AM - Found 1 error. Watching for file changes.
[2J[3J[H9:36:15 AM - File change detected. Starting incremental compilation...

error TS2688: Cannot find type definition file for 'mime'.
  The file is in the program because:
    Entry point for implicit type library 'mime'

9:36:27 AM - Found 1 error. Watching for file changes.
[2J[3J[H9:36:28 AM - File change detected. Starting incremental compilation...

error TS2688: Cannot find type definition file for 'mime'.
  The file is in the program because:
    Entry point for implicit type library 'mime'

9:36:39 AM - Found 1 error. Watching for file changes.
[2J[3J[H9:36:40 AM - File change detected. Starting incremental compilation...

error TS2688: Cannot find type definition file for 'mime'.
  The file is in the program because:
    Entry point for implicit type library 'mime'

9:36:42 AM - Found 1 error. Watching for file changes.
[2J[3J[H9:36:43 AM - File change detected. Starting incremental compilation...

error TS2688: Cannot find type definition file for 'mime'.
  The file is in the program because:
    Entry point for implicit type library 'mime'

9:36:44 AM - Found 1 error. Watching for file changes.
[2J[3J[H9:36:45 AM - File change detected. Starting incremental compilation...

error TS2688: Cannot find type definition file for 'mime'.
  The file is in the program because:
    Entry point for implicit type library 'mime'

9:36:55 AM - Found 1 error. Watching for file changes.
[2J[3J[H9:36:56 AM - File change detected. Starting incremental compilation...

error TS2688: Cannot find type definition file for 'mime'.
  The file is in the program because:
    Entry point for implicit type library 'mime'

9:37:08 AM - Found 1 error. Watching for file changes.
[2J[3J[H9:37:09 AM - File change detected. Starting incremental compilation...

error TS2688: Cannot find type definition file for 'mime'.
  The file is in the program because:
    Entry point for implicit type library 'mime'

9:37:10 AM - Found 1 error. Watching for file changes.
[2J[3J[H9:37:18 AM - File change detected. Starting incremental compilation...

error TS2688: Cannot find type definition file for 'mime'.
  The file is in the program because:
    Entry point for implicit type library 'mime'

9:37:21 AM - Found 1 error. Watching for file changes.
[2J[3J[H9:37:22 AM - File change detected. Starting incremental compilation...

error TS2688: Cannot find type definition file for 'mime'.
  The file is in the program because:
    Entry point for implicit type library 'mime'

9:37:23 AM - Found 1 error. Watching for file changes.
[2J[3J[H9:37:39 AM - File change detected. Starting incremental compilation...

error TS2688: Cannot find type definition file for 'mime'.
  The file is in the program because:
    Entry point for implicit type library 'mime'

9:37:50 AM - Found 1 error. Watching for file changes.
[2J[3J[H9:37:50 AM - File change detected. Starting incremental compilation...

error TS2688: Cannot find type definition file for 'mime'.
  The file is in the program because:
    Entry point for implicit type library 'mime'

9:37:53 AM - Found 1 error. Watching for file changes.
[2J[3J[H9:37:54 AM - File change detected. Starting incremental compilation...

error TS2688: Cannot find type definition file for 'mime'.
  The file is in the program because:
    Entry point for implicit type library 'mime'

9:37:55 AM - Found 1 error. Watching for file changes.
[2J[3J[H9:38:30 AM - File change detected. Starting incremental compilation...

error TS2688: Cannot find type definition file for 'mime'.
  The file is in the program because:
    Entry point for implicit type library 'mime'

9:38:41 AM - Found 1 error. Watching for file changes.
[2J[3J[H9:38:42 AM - File change detected. Starting incremental compilation...

error TS2688: Cannot find type definition file for 'mime'.
  The file is in the program because:
    Entry point for implicit type library 'mime'

9:38:53 AM - Found 1 error. Watching for file changes.
[2J[3J[H9:38:55 AM - File change detected. Starting incremental compilation...

error TS2688: Cannot find type definition file for 'mime'.
  The file is in the program because:
    Entry point for implicit type library 'mime'

9:38:55 AM - Found 1 error. Watching for file changes.
[2J[3J[H9:39:40 AM - File change detected. Starting incremental compilation...

error TS2688: Cannot find type definition file for 'mime'.
  The file is in the program because:
    Entry point for implicit type library 'mime'

9:39:53 AM - Found 1 error. Watching for file changes.
[2J[3J[H9:39:53 AM - File change detected. Starting incremental compilation...

error TS2688: Cannot find type definition file for 'mime'.
  The file is in the program because:
    Entry point for implicit type library 'mime'

9:39:56 AM - Found 1 error. Watching for file changes.
[2J[3J[H9:39:57 AM - File change detected. Starting incremental compilation...

error TS2688: Cannot find type definition file for 'mime'.
  The file is in the program because:
    Entry point for implicit type library 'mime'

9:39:58 AM - Found 1 error. Watching for file changes.
[2J[3J[H9:40:12 AM - File change detected. Starting incremental compilation...

error TS2688: Cannot find type definition file for 'mime'.
  The file is in the program because:
    Entry point for implicit type library 'mime'

9:40:22 AM - Found 1 error. Watching for file changes.
[2J[3J[H9:40:22 AM - File change detected. Starting incremental compilation...

error TS2688: Cannot find type definition file for 'mime'.
  The file is in the program because:
    Entry point for implicit type library 'mime'

9:40:25 AM - Found 1 error. Watching for file changes.
[2J[3J[H9:40:26 AM - File change detected. Starting incremental compilation...

error TS2688: Cannot find type definition file for 'mime'.
  The file is in the program because:
    Entry point for implicit type library 'mime'

9:40:27 AM - Found 1 error. Watching for file changes.
[2J[3J[H9:40:29 AM - File change detected. Starting incremental compilation...

error TS2688: Cannot find type definition file for 'mime'.
  The file is in the program because:
    Entry point for implicit type library 'mime'

9:40:39 AM - Found 1 error. Watching for file changes.
[2J[3J[H9:40:40 AM - File change detected. Starting incremental compilation...

error TS2688: Cannot find type definition file for 'mime'.
  The file is in the program because:
    Entry point for implicit type library 'mime'

9:40:42 AM - Found 1 error. Watching for file changes.
[2J[3J[H9:40:43 AM - File change detected. Starting incremental compilation...

error TS2688: Cannot find type definition file for 'mime'.
  The file is in the program because:
    Entry point for implicit type library 'mime'

9:40:44 AM - Found 1 error. Watching for file changes.
[2J[3J[H9:41:22 AM - File change detected. Starting incremental compilation...

error TS2688: Cannot find type definition file for 'mime'.
  The file is in the program because:
    Entry point for implicit type library 'mime'

9:41:32 AM - Found 1 error. Watching for file changes.
[2J[3J[H9:41:33 AM - File change detected. Starting incremental compilation...

error TS2688: Cannot find type definition file for 'mime'.
  The file is in the program because:
    Entry point for implicit type library 'mime'

9:41:35 AM - Found 1 error. Watching for file changes.
[2J[3J[H9:41:36 AM - File change detected. Starting incremental compilation...

error TS2688: Cannot find type definition file for 'mime'.
  The file is in the program because:
    Entry point for implicit type library 'mime'

9:41:37 AM - Found 1 error. Watching for file changes.
[2J[3J[H9:41:37 AM - File change detected. Starting incremental compilation...

error TS2688: Cannot find type definition file for 'mime'.
  The file is in the program because:
    Entry point for implicit type library 'mime'

9:41:47 AM - Found 1 error. Watching for file changes.
[2J[3J[H9:41:48 AM - File change detected. Starting incremental compilation...

error TS2688: Cannot find type definition file for 'mime'.
  The file is in the program because:
    Entry point for implicit type library 'mime'

9:42:00 AM - Found 1 error. Watching for file changes.
[2J[3J[H9:42:01 AM - File change detected. Starting incremental compilation...

error TS2688: Cannot find type definition file for 'mime'.
  The file is in the program because:
    Entry point for implicit type library 'mime'

9:42:02 AM - Found 1 error. Watching for file changes.
[2J[3J[H9:42:52 AM - File change detected. Starting incremental compilation...

error TS2688: Cannot find type definition file for 'mime'.
  The file is in the program because:
    Entry point for implicit type library 'mime'

9:43:03 AM - Found 1 error. Watching for file changes.
[2J[3J[H9:43:03 AM - File change detected. Starting incremental compilation...

error TS2688: Cannot find type definition file for 'mime'.
  The file is in the program because:
    Entry point for implicit type library 'mime'

9:43:15 AM - Found 1 error. Watching for file changes.
[2J[3J[H9:43:16 AM - File change detected. Starting incremental compilation...

error TS2688: Cannot find type definition file for 'mime'.
  The file is in the program because:
    Entry point for implicit type library 'mime'

9:43:17 AM - Found 1 error. Watching for file changes.
[2J[3J[H9:43:31 AM - File change detected. Starting incremental compilation...

error TS2688: Cannot find type definition file for 'mime'.
  The file is in the program because:
    Entry point for implicit type library 'mime'

9:43:41 AM - Found 1 error. Watching for file changes.
[2J[3J[H9:43:42 AM - File change detected. Starting incremental compilation...

error TS2688: Cannot find type definition file for 'mime'.
  The file is in the program because:
    Entry point for implicit type library 'mime'

9:43:52 AM - Found 1 error. Watching for file changes.
[2J[3J[H9:43:53 AM - File change detected. Starting incremental compilation...

error TS2688: Cannot find type definition file for 'mime'.
  The file is in the program because:
    Entry point for implicit type library 'mime'

9:43:55 AM - Found 1 error. Watching for file changes.
[2J[3J[H9:43:56 AM - File change detected. Starting incremental compilation...

error TS2688: Cannot find type definition file for 'mime'.
  The file is in the program because:
    Entry point for implicit type library 'mime'

9:43:57 AM - Found 1 error. Watching for file changes.
[2J[3J[H9:52:13 AM - File change detected. Starting incremental compilation...

error TS2688: Cannot find type definition file for 'mime'.
  The file is in the program because:
    Entry point for implicit type library 'mime'

9:52:16 AM - Found 1 error. Watching for file changes.
[2J[3J[H9:52:17 AM - File change detected. Starting incremental compilation...

error TS2688: Cannot find type definition file for 'mime'.
  The file is in the program because:
    Entry point for implicit type library 'mime'

9:52:18 AM - Found 1 error. Watching for file changes.
[2J[3J[H10:05:31 AM - File change detected. Starting incremental compilation...

error TS2688: Cannot find type definition file for 'mime'.
  The file is in the program because:
    Entry point for implicit type library 'mime'

10:05:42 AM - Found 1 error. Watching for file changes.
[2J[3J[H10:05:43 AM - File change detected. Starting incremental compilation...

error TS2688: Cannot find type definition file for 'mime'.
  The file is in the program because:
    Entry point for implicit type library 'mime'

10:05:53 AM - Found 1 error. Watching for file changes.
[2J[3J[H10:05:54 AM - File change detected. Starting incremental compilation...

error TS2688: Cannot find type definition file for 'mime'.
  The file is in the program because:
    Entry point for implicit type library 'mime'

10:05:56 AM - Found 1 error. Watching for file changes.
[2J[3J[H10:05:57 AM - File change detected. Starting incremental compilation...

error TS2688: Cannot find type definition file for 'mime'.
  The file is in the program because:
    Entry point for implicit type library 'mime'

10:05:58 AM - Found 1 error. Watching for file changes.
[2J[3J[H10:06:38 AM - File change detected. Starting incremental compilation...

error TS2688: Cannot find type definition file for 'mime'.
  The file is in the program because:
    Entry point for implicit type library 'mime'

10:06:48 AM - Found 1 error. Watching for file changes.
[2J[3J[H10:06:48 AM - File change detected. Starting incremental compilation...

error TS2688: Cannot find type definition file for 'mime'.
  The file is in the program because:
    Entry point for implicit type library 'mime'

10:06:58 AM - Found 1 error. Watching for file changes.
[2J[3J[H10:06:58 AM - File change detected. Starting incremental compilation...

error TS2688: Cannot find type definition file for 'mime'.
  The file is in the program because:
    Entry point for implicit type library 'mime'

10:07:08 AM - Found 1 error. Watching for file changes.
[2J[3J[H10:07:08 AM - File change detected. Starting incremental compilation...

error TS2688: Cannot find type definition file for 'mime'.
  The file is in the program because:
    Entry point for implicit type library 'mime'

10:07:10 AM - Found 1 error. Watching for file changes.
[2J[3J[H10:07:11 AM - File change detected. Starting incremental compilation...

error TS2688: Cannot find type definition file for 'mime'.
  The file is in the program because:
    Entry point for implicit type library 'mime'

10:07:12 AM - Found 1 error. Watching for file changes.
